<?xml version="1.0" encoding="UTF-8"?>
<testsuite xmlns:xsi="http://www.w3.org/2001/XMLSchema-instance" xsi:noNamespaceSchemaLocation="https://maven.apache.org/surefire/maven-surefire-plugin/xsd/surefire-test-report.xsd" version="3.0.2" name="com.mertalptekin.configserver.ConfigServerApplicationTests" time="4.178" tests="1" errors="0" skipped="0" failures="0">
  <properties>
[...]
</properties>
  <testcase name="contextLoads" classname="com.mertalptekin.configserver.ConfigServerApplicationTests" time="0.729">
    <system-out><![CDATA[16:10:12.263 [main] INFO org.springframework.test.context.support.AnnotationConfigContextLoaderUtils -- Could not detect default configuration classes for test class [com.mertalptekin.configserver.ConfigServerApplicationTests]: ConfigServerApplicationTests does not declare any static, non-private, non-final, nested classes annotated with @Configuration.
16:10:12.423 [main] INFO org.springframework.boot.test.context.SpringBootTestContextBootstrapper -- Found @SpringBootConfiguration com.mertalptekin.configserver.ConfigServerApplication for test class com.mertalptekin.configserver.ConfigServerApplicationTests

  .   ____          _            __ _ _
 /\\ / ___'_ __ _ _(_)_ __  __ _ \ \ \ \
( ( )\___ | '_ | '_| | '_ \/ _` | \ \ \ \
 \\/  ___)| |_)| | | | | || (_| |  ) ) ) )
  '  |____| .__|_| |_|_| |_\__, | / / / /
 =========|_|==============|___/=/_/_/_/

 :: Spring Boot ::                (v4.0.1)

2026-07-28T16:10:13.308+03:00  INFO 17956 --- [config-server] [           main] c.m.c.ConfigServerApplicationTests       : Starting ConfigServerApplicationTests using Java 25.0.3 with PID 17956 (started by merta in C:\Users\merta\Desktop\Spring Cloud Microservices\spring-cloud-microservices-mastery\src\config-server)
2026-07-28T16:10:13.309+03:00  INFO 17956 --- [config-server] [           main] c.m.c.ConfigServerApplicationTests       : The following 1 profile is active: "git"
2026-07-28T16:10:14.263+03:00  INFO 17956 --- [config-server] [           main] o.s.cloud.context.scope.GenericScope     : BeanFactory id=3831d1d4-cd9a-3336-a7a7-502a4578cf7d
2026-07-28T16:10:15.495+03:00  INFO 17956 --- [config-server] [           main] c.m.c.ConfigServerApplicationTests       : Started ConfigServerApplicationTests in 2.665 seconds (process running for 4.262)
]]></system-out>
    <system-err><![CDATA[Mockito is currently self-attaching to enable the inline-mock-maker. This will no longer work in future releases of the JDK. Please add Mockito as an agent to your build as described in Mockito's documentation: https://javadoc.io/doc/org.mockito/mockito-core/latest/org.mockito/org/mockito/Mockito.html#0.3
WARNING: A Java agent has been loaded dynamically (C:\Users\merta\.m2\repository\net\bytebuddy\byte-buddy-agent\1.17.8\byte-buddy-agent-1.17.8.jar)
WARNING: If a serviceability tool is in use, please run with -XX:+EnableDynamicAgentLoading to hide this warning
WARNING: If a serviceability tool is not in use, please run with -Djdk.instrument.traceUsage for more information
WARNING: Dynamic loading of agents will be disallowed by default in a future release
]]></system-err>
  </testcase>
</testsuite>